<?xml version="1.0" encoding="UTF-8"?>
<testsuite name="com.example.mockwebservices.MockWebServicesApplicationTests" tests="1" skipped="0" failures="0" errors="0" timestamp="2020-11-17T08:59:22" hostname="littleviking" time="0.172">
  <properties/>
  <testcase name="contextLoads()" classname="com.example.mockwebservices.MockWebServicesApplicationTests" time="0.172"/>
  <system-out><![CDATA[10:59:18.789 [Test worker] DEBUG org.springframework.test.context.BootstrapUtils - Instantiating CacheAwareContextLoaderDelegate from class [org.springframework.test.context.cache.DefaultCacheAwareContextLoaderDelegate]
10:59:18.800 [Test worker] DEBUG org.springframework.test.context.BootstrapUtils - Instantiating BootstrapContext using constructor [public org.springframework.test.context.support.DefaultBootstrapContext(java.lang.Class,org.springframework.test.context.CacheAwareContextLoaderDelegate)]
10:59:18.826 [Test worker] DEBUG org.springframework.test.context.BootstrapUtils - Instantiating TestContextBootstrapper for test class [com.example.mockwebservices.MockWebServicesApplicationTests] from class [org.springframework.boot.test.context.SpringBootTestContextBootstrapper]
10:59:18.840 [Test worker] INFO org.springframework.boot.test.context.SpringBootTestContextBootstrapper - Neither @ContextConfiguration nor @ContextHierarchy found for test class [com.example.mockwebservices.MockWebServicesApplicationTests], using SpringBootContextLoader
10:59:18.843 [Test worker] DEBUG org.springframework.test.context.support.AbstractContextLoader - Did not detect default resource location for test class [com.example.mockwebservices.MockWebServicesApplicationTests]: class path resource [com/example/mockwebservices/MockWebServicesApplicationTests-context.xml] does not exist
10:59:18.844 [Test worker] DEBUG org.springframework.test.context.support.AbstractContextLoader - Did not detect default resource location for test class [com.example.mockwebservices.MockWebServicesApplicationTests]: class path resource [com/example/mockwebservices/MockWebServicesApplicationTestsContext.groovy] does not exist
10:59:18.844 [Test worker] INFO org.springframework.test.context.support.AbstractContextLoader - Could not detect default resource locations for test class [com.example.mockwebservices.MockWebServicesApplicationTests]: no resource found for suffixes {-context.xml, Context.groovy}.
10:59:18.845 [Test worker] INFO org.springframework.test.context.support.AnnotationConfigContextLoaderUtils - Could not detect default configuration classes for test class [com.example.mockwebservices.MockWebServicesApplicationTests]: MockWebServicesApplicationTests does not declare any static, non-private, non-final, nested classes annotated with @Configuration.
10:59:18.893 [Test worker] DEBUG org.springframework.test.context.support.ActiveProfilesUtils - Could not find an 'annotation declaring class' for annotation type [org.springframework.test.context.ActiveProfiles] and class [com.example.mockwebservices.MockWebServicesApplicationTests]
10:59:18.964 [Test worker] DEBUG org.springframework.context.annotation.ClassPathScanningCandidateComponentProvider - Identified candidate component class: file [/home/danny/workspace/mock-web-services/build/classes/java/main/com/example/mockwebservices/MockWebServicesApplication.class]
10:59:18.965 [Test worker] INFO org.springframework.boot.test.context.SpringBootTestContextBootstrapper - Found @SpringBootConfiguration com.example.mockwebservices.MockWebServicesApplication for test class com.example.mockwebservices.MockWebServicesApplicationTests
10:59:19.056 [Test worker] DEBUG org.springframework.boot.test.context.SpringBootTestContextBootstrapper - @TestExecutionListeners is not present for class [com.example.mockwebservices.MockWebServicesApplicationTests]: using defaults.
10:59:19.057 [Test worker] INFO org.springframework.boot.test.context.SpringBootTestContextBootstrapper - Loaded default TestExecutionListener class names from location [META-INF/spring.factories]: [org.springframework.boot.test.autoconfigure.restdocs.RestDocsTestExecutionListener, org.springframework.boot.test.autoconfigure.web.client.MockRestServiceServerResetTestExecutionListener, org.springframework.boot.test.autoconfigure.web.servlet.MockMvcPrintOnlyOnFailureTestExecutionListener, org.springframework.boot.test.autoconfigure.web.servlet.WebDriverTestExecutionListener, org.springframework.boot.test.autoconfigure.webservices.client.MockWebServiceServerTestExecutionListener, org.springframework.boot.test.mock.mockito.MockitoTestExecutionListener, org.springframework.boot.test.mock.mockito.ResetMocksTestExecutionListener, org.springframework.test.context.web.ServletTestExecutionListener, org.springframework.test.context.support.DirtiesContextBeforeModesTestExecutionListener, org.springframework.test.context.support.DependencyInjectionTestExecutionListener, org.springframework.test.context.support.DirtiesContextTestExecutionListener, org.springframework.test.context.transaction.TransactionalTestExecutionListener, org.springframework.test.context.jdbc.SqlScriptsTestExecutionListener, org.springframework.test.context.event.EventPublishingTestExecutionListener]
10:59:19.069 [Test worker] INFO org.springframework.boot.test.context.SpringBootTestContextBootstrapper - Using TestExecutionListeners: [org.springframework.test.context.web.ServletTestExecutionListener@4ae7c54a, org.springframework.test.context.support.DirtiesContextBeforeModesTestExecutionListener@4693e46a, org.springframework.boot.test.mock.mockito.MockitoTestExecutionListener@77a804f5, org.springframework.boot.test.autoconfigure.SpringBootDependencyInjectionTestExecutionListener@4405fe37, org.springframework.test.context.support.DirtiesContextTestExecutionListener@30bcbe68, org.springframework.test.context.transaction.TransactionalTestExecutionListener@6955aca1, org.springframework.test.context.jdbc.SqlScriptsTestExecutionListener@5eed92d2, org.springframework.test.context.event.EventPublishingTestExecutionListener@35f23b7e, org.springframework.boot.test.autoconfigure.restdocs.RestDocsTestExecutionListener@60e88c56, org.springframework.boot.test.autoconfigure.web.client.MockRestServiceServerResetTestExecutionListener@249c144e, org.springframework.boot.test.autoconfigure.web.servlet.MockMvcPrintOnlyOnFailureTestExecutionListener@1655690d, org.springframework.boot.test.autoconfigure.web.servlet.WebDriverTestExecutionListener@32d89972, org.springframework.boot.test.autoconfigure.webservices.client.MockWebServiceServerTestExecutionListener@16762943, org.springframework.boot.test.mock.mockito.ResetMocksTestExecutionListener@528c71a7]
10:59:19.074 [Test worker] DEBUG org.springframework.test.context.support.AbstractDirtiesContextTestExecutionListener - Before test class: context [DefaultTestContext@14737f31 testClass = MockWebServicesApplicationTests, testInstance = [null], testMethod = [null], testException = [null], mergedContextConfiguration = [WebMergedContextConfiguration@1e653f3 testClass = MockWebServicesApplicationTests, locations = '{}', classes = '{class com.example.mockwebservices.MockWebServicesApplication}', contextInitializerClasses = '[]', activeProfiles = '{}', propertySourceLocations = '{}', propertySourceProperties = '{org.springframework.boot.test.context.SpringBootTestContextBootstrapper=true}', contextCustomizers = set[org.springframework.boot.test.autoconfigure.properties.PropertyMappingContextCustomizer@0, org.springframework.boot.test.autoconfigure.web.servlet.WebDriverContextCustomizerFactory$Customizer@4cc0f6a8, org.springframework.boot.test.context.filter.ExcludeFilterContextCustomizer@3453f333, org.springframework.boot.test.json.DuplicateJsonObjectContextCustomizerFactory$DuplicateJsonObjectContextCustomizer@5379c407, org.springframework.boot.test.mock.mockito.MockitoContextCustomizer@0, org.springframework.boot.test.web.client.TestRestTemplateContextCustomizer@b5ee8dc, org.springframework.boot.test.context.SpringBootTestArgs@1], resourceBasePath = 'src/main/webapp', contextLoader = 'org.springframework.boot.test.context.SpringBootContextLoader', parent = [null]], attributes = map['org.springframework.test.context.web.ServletTestExecutionListener.activateListener' -> true]], class annotated with @DirtiesContext [false] with mode [null].
10:59:19.096 [Test worker] DEBUG org.springframework.test.context.support.TestPropertySourceUtils - Adding inlined properties to environment: {spring.jmx.enabled=false, org.springframework.boot.test.context.SpringBootTestContextBootstrapper=true}

  .   ____          _            __ _ _
 /\\ / ___'_ __ _ _(_)_ __  __ _ \ \ \ \
( ( )\___ | '_ | '_| | '_ \/ _` | \ \ \ \
 \\/  ___)| |_)| | | | | || (_| |  ) ) ) )
  '  |____| .__|_| |_|_| |_\__, | / / / /
 =========|_|==============|___/=/_/_/_/
 :: Spring Boot ::        (v2.3.4.RELEASE)

2020-11-17 10:59:19.354  INFO 74490 --- [    Test worker] c.e.m.MockWebServicesApplicationTests    : Starting MockWebServicesApplicationTests on littleviking with PID 74490 (started by danny in /home/danny/workspace/mock-web-services)
2020-11-17 10:59:19.356  INFO 74490 --- [    Test worker] c.e.m.MockWebServicesApplicationTests    : No active profile set, falling back to default profiles: default
2020-11-17 10:59:20.250  INFO 74490 --- [    Test worker] .s.d.r.c.RepositoryConfigurationDelegate : Bootstrapping Spring Data MongoDB repositories in DEFAULT mode.
2020-11-17 10:59:20.270  INFO 74490 --- [    Test worker] .s.d.r.c.RepositoryConfigurationDelegate : Finished Spring Data repository scanning in 15ms. Found 0 MongoDB repository interfaces.
2020-11-17 10:59:20.608  INFO 74490 --- [    Test worker] org.mongodb.driver.cluster               : Cluster created with settings {hosts=[localhost:27017], mode=SINGLE, requiredClusterType=UNKNOWN, serverSelectionTimeout='30000 ms'}
2020-11-17 10:59:20.666  INFO 74490 --- [localhost:27017] org.mongodb.driver.cluster               : Exception in monitor thread while connecting to server localhost:27017

com.mongodb.MongoSocketOpenException: Exception opening socket
	at com.mongodb.internal.connection.SocketStream.open(SocketStream.java:70) ~[mongodb-driver-core-4.0.5.jar:na]
	at com.mongodb.internal.connection.InternalStreamConnection.open(InternalStreamConnection.java:127) ~[mongodb-driver-core-4.0.5.jar:na]
	at com.mongodb.internal.connection.DefaultServerMonitor$ServerMonitorRunnable.run(DefaultServerMonitor.java:117) ~[mongodb-driver-core-4.0.5.jar:na]
	at java.lang.Thread.run(Thread.java:748) [na:1.8.0_265]
Caused by: java.net.ConnectException: Connection refused (Connection refused)
	at java.net.PlainSocketImpl.socketConnect(Native Method) ~[na:1.8.0_265]
	at java.net.AbstractPlainSocketImpl.doConnect(AbstractPlainSocketImpl.java:350) ~[na:1.8.0_265]
	at java.net.AbstractPlainSocketImpl.connectToAddress(AbstractPlainSocketImpl.java:206) ~[na:1.8.0_265]
	at java.net.AbstractPlainSocketImpl.connect(AbstractPlainSocketImpl.java:188) ~[na:1.8.0_265]
	at java.net.SocksSocketImpl.connect(SocksSocketImpl.java:392) ~[na:1.8.0_265]
	at java.net.Socket.connect(Socket.java:607) ~[na:1.8.0_265]
	at com.mongodb.internal.connection.SocketStreamHelper.initialize(SocketStreamHelper.java:63) ~[mongodb-driver-core-4.0.5.jar:na]
	at com.mongodb.internal.connection.SocketStream.initializeSocket(SocketStream.java:79) ~[mongodb-driver-core-4.0.5.jar:na]
	at com.mongodb.internal.connection.SocketStream.open(SocketStream.java:65) ~[mongodb-driver-core-4.0.5.jar:na]
	... 3 common frames omitted

2020-11-17 10:59:21.505  INFO 74490 --- [    Test worker] o.s.s.concurrent.ThreadPoolTaskExecutor  : Initializing ExecutorService 'applicationTaskExecutor'
2020-11-17 10:59:22.054  INFO 74490 --- [    Test worker] o.s.b.a.e.web.EndpointLinksResolver      : Exposing 2 endpoint(s) beneath base path '/actuator'
2020-11-17 10:59:22.114  INFO 74490 --- [    Test worker] c.e.m.MockWebServicesApplicationTests    : Started MockWebServicesApplicationTests in 3.011 seconds (JVM running for 4.046)
]]></system-out>
  <system-err><![CDATA[]]></system-err>
</testsuite>
